<?xml version="1.0" encoding="UTF-8"?>
<!-- Generated by org.testng.reporters.JUnitXMLReporter -->
<testsuite hostname="alexk-PC" name="Default test" tests="4" failures="0" timestamp="18 May 2014 12:13:40 GMT" time="10.393" errors="0">
  <testcase name="testEmptyGroupCreation" time="1.952" classname="com.example.tests.GroupCreationTests"/>
  <testcase name="testNonEmptyGroupCreation" time="1.402" classname="com.example.tests.GroupCreationTests"/>
  <testcase name="testEmptyGroupCreation" time="1.469" classname="com.example.tests.AlsoGroupCreationTests"/>
  <testcase name="testNonEmptyGroupCreation" time="1.456" classname="com.example.tests.AlsoGroupCreationTests"/>
</testsuite> <!-- Default test -->
