<?xml version="1.0" encoding="UTF-8"?>
<testng-results skipped="0" failed="0" total="1" passed="1">
  <reporter-output>
  </reporter-output>
  <suite name="Default suite" duration-ms="7394" started-at="2014-05-25T18:52:42Z" finished-at="2014-05-25T18:52:49Z">
    <groups>
    </groups>
    <test name="Default test" duration-ms="7394" started-at="2014-05-25T18:52:42Z" finished-at="2014-05-25T18:52:49Z">
      <class name="com.example.tests.GroupModificationTests">
        <test-method status="PASS" signature="setUp()[pri:0, instance:com.example.tests.GroupModificationTests@18e8568]" name="setUp" is-config="true" duration-ms="5105" started-at="2014-05-25T22:52:42Z" finished-at="2014-05-25T22:52:47Z">
          <reporter-output>
          </reporter-output>
        </test-method> <!-- setUp -->
        <test-method status="PASS" signature="modifySomeGroup()[pri:0, instance:com.example.tests.GroupModificationTests@18e8568]" name="modifySomeGroup" duration-ms="2262" started-at="2014-05-25T22:52:47Z" finished-at="2014-05-25T22:52:49Z">
          <reporter-output>
          </reporter-output>
        </test-method> <!-- modifySomeGroup -->
      </class> <!-- com.example.tests.GroupModificationTests -->
    </test> <!-- Default test -->
  </suite> <!-- Default suite -->
</testng-results>
